<?xml version="1.0" encoding="UTF-8"?>
<!-- Generated by org.testng.reporters.JUnitReportReporter -->
<testsuite skipped="0" hostname="LAPTOP-0HGATUBU" name="com.crm.qa.testcases.HomePageTest" tests="3" failures="0" timestamp="28 Sep 2019 10:13:29 GMT" time="71.108" errors="0">
  <testcase name="verifyHomePageTitleTest" time="25.145" classname="com.crm.qa.testcases.HomePageTest"/>
  <testcase name="verifyUserNameTest" time="21.021" classname="com.crm.qa.testcases.HomePageTest"/>
  <testcase name="verifyContactsLinkTest" time="24.942" classname="com.crm.qa.testcases.HomePageTest"/>
</testsuite> <!-- com.crm.qa.testcases.HomePageTest -->
