<?xml version="1.0" encoding="UTF-8"?>
<!-- Generated by org.testng.reporters.JUnitReportReporter -->
<testsuite skipped="0" hostname="LAPTOP-0HGATUBU" name="com.crm.qa.testcases.LoginPageTest" tests="3" failures="0" timestamp="28 Sep 2019 10:13:29 GMT" time="56.597" errors="0">
  <testcase name="loginPageTitleTest" time="16.963" classname="com.crm.qa.testcases.LoginPageTest"/>
  <testcase name="crmLogoImageTest" time="17.124" classname="com.crm.qa.testcases.LoginPageTest"/>
  <testcase name="loginTest" time="22.510" classname="com.crm.qa.testcases.LoginPageTest"/>
</testsuite> <!-- com.crm.qa.testcases.LoginPageTest -->
