<?xml version="1.0" encoding="UTF-8"?>
<!-- Generated by org.testng.reporters.JUnitReportReporter -->
<testsuite skipped="0" hostname="LAPTOP-0HGATUBU" name="com.crm.qa.testcases.TasksPageTest" tests="1" failures="0" timestamp="28 Sep 2019 10:13:29 GMT" time="23.481" errors="0">
  <testcase name="verifyTasksLabelTest" time="23.481" classname="com.crm.qa.testcases.TasksPageTest"/>
</testsuite> <!-- com.crm.qa.testcases.TasksPageTest -->
